Base path: 'C:/Program Files/Unity/Hub/Editor/2020.3.2f1/Editor/Data', plugins path 'C:/Program Files/Unity/Hub/Editor/2020.3.2f1/Editor/Data/PlaybackEngines'
Cmd: initializeCompiler

Cmd: compileComputeKernel
  insize=2954 path=C:/General/Programming/Unity/Rainsim/Assets/ProcessTrailMap.compute kernel=AddRain cachingPP=1 ppOnly=0 stripLineD=0 buildPlatform=19 km=<UNITY_VERSION=202032> pKW=UNITY_ENABLE_REFLECTION_BUFFERS UNITY_USE_DITHER_MASK_FOR_ALPHABLENDED_SHADOWS UNITY_PBS_USE_BRDF1 UNITY_SPECCUBE_BOX_PROJECTION UNITY_SPECCUBE_BLENDING UNITY_ENABLE_DETAIL_NORMALMAP SHADER_API_DESKTOP UNITY_COLORSPACE_GAMMA UNITY_LIGHT_PROBE_PROXY_VOLUME UNITY_LIGHTMAP_FULL_HDR uKW=SHADER_STAGE_COMPUTE platform=d3d11 flags=0  error: 1 plat 4 at ProcessTrailMap.compute(51): signed/unsigned mismatch, unsigned assumed
  error: 1 plat 4 at ProcessTrailMap.compute(66): implicit truncation of vector type
  error: 1 plat 4 at ProcessTrailMap.compute(79): signed/unsigned mismatch, unsigned assumed
  error: 1 plat 4 at ProcessTrailMap.compute(88): signed/unsigned mismatch, unsigned assumed
  error: 1 plat 4 at ProcessTrailMap.compute(97): signed/unsigned mismatch, unsigned assumed
  error: 1 plat 4 at ProcessTrailMap.compute(107): signed/unsigned mismatch, unsigned assumed
 ok=1 outsize=491

Cmd: compileComputeKernel
  insize=3048 path=C:/General/Programming/Unity/Rainsim/Assets/ProcessTrailMap.compute kernel=ResetMap cachingPP=1 ppOnly=0 stripLineD=0 buildPlatform=19 km=<UNITY_VERSION=202032> pKW=UNITY_ENABLE_REFLECTION_BUFFERS UNITY_USE_DITHER_MASK_FOR_ALPHABLENDED_SHADOWS UNITY_PBS_USE_BRDF1 UNITY_SPECCUBE_BOX_PROJECTION UNITY_SPECCUBE_BLENDING UNITY_ENABLE_DETAIL_NORMALMAP SHADER_API_DESKTOP UNITY_COLORSPACE_GAMMA UNITY_LIGHT_PROBE_PROXY_VOLUME UNITY_LIGHTMAP_FULL_HDR uKW=SHADER_STAGE_COMPUTE platform=d3d11 flags=0  error: 1 plat 4 at ProcessTrailMap.compute(52): signed/unsigned mismatch, unsigned assumed
  error: 1 plat 4 at ProcessTrailMap.compute(66): implicit truncation of vector type
  error: 1 plat 4 at ProcessTrailMap.compute(79): signed/unsigned mismatch, unsigned assumed
  error: 2 plat 4 at ProcessTrailMap.compute(89): invalid type for index - index must be a scalar, or a vector with the correct number of dimensions
 ok=0 outsize=0

Cmd: compileComputeKernel
  insize=3056 path=C:/General/Programming/Unity/Rainsim/Assets/ProcessTrailMap.compute kernel=AddRain cachingPP=1 ppOnly=0 stripLineD=0 buildPlatform=19 km=<UNITY_VERSION=202032> pKW=UNITY_ENABLE_REFLECTION_BUFFERS UNITY_USE_DITHER_MASK_FOR_ALPHABLENDED_SHADOWS UNITY_PBS_USE_BRDF1 UNITY_SPECCUBE_BOX_PROJECTION UNITY_SPECCUBE_BLENDING UNITY_ENABLE_DETAIL_NORMALMAP SHADER_API_DESKTOP UNITY_COLORSPACE_GAMMA UNITY_LIGHT_PROBE_PROXY_VOLUME UNITY_LIGHTMAP_FULL_HDR uKW=SHADER_STAGE_COMPUTE platform=d3d11 flags=0  error: 1 plat 4 at ProcessTrailMap.compute(52): signed/unsigned mismatch, unsigned assumed
  error: 1 plat 4 at ProcessTrailMap.compute(66): implicit truncation of vector type
  error: 1 plat 4 at ProcessTrailMap.compute(79): signed/unsigned mismatch, unsigned assumed
  error: 2 plat 4 at ProcessTrailMap.compute(89): invalid type for index - index must be a scalar, or a vector with the correct number of dimensions
 ok=0 outsize=0

Cmd: compileComputeKernel
  insize=3053 path=C:/General/Programming/Unity/Rainsim/Assets/ProcessTrailMap.compute kernel=DrawBlack cachingPP=1 ppOnly=0 stripLineD=0 buildPlatform=19 km=<UNITY_VERSION=202032> pKW=UNITY_ENABLE_REFLECTION_BUFFERS UNITY_USE_DITHER_MASK_FOR_ALPHABLENDED_SHADOWS UNITY_PBS_USE_BRDF1 UNITY_SPECCUBE_BOX_PROJECTION UNITY_SPECCUBE_BLENDING UNITY_ENABLE_DETAIL_NORMALMAP SHADER_API_DESKTOP UNITY_COLORSPACE_GAMMA UNITY_LIGHT_PROBE_PROXY_VOLUME UNITY_LIGHTMAP_FULL_HDR uKW=SHADER_STAGE_COMPUTE platform=d3d11 flags=0  error: 1 plat 4 at ProcessTrailMap.compute(52): signed/unsigned mismatch, unsigned assumed
  error: 1 plat 4 at ProcessTrailMap.compute(66): implicit truncation of vector type
  error: 1 plat 4 at ProcessTrailMap.compute(79): signed/unsigned mismatch, unsigned assumed
  error: 1 plat 4 at ProcessTrailMap.compute(99): signed/unsigned mismatch, unsigned assumed
  error: 1 plat 4 at ProcessTrailMap.compute(109): signed/unsigned mismatch, unsigned assumed
 ok=1 outsize=313

Cmd: compileComputeKernel
  insize=3049 path=C:/General/Programming/Unity/Rainsim/Assets/ProcessTrailMap.compute kernel=Draw cachingPP=1 ppOnly=0 stripLineD=0 buildPlatform=19 km=<UNITY_VERSION=202032> pKW=UNITY_ENABLE_REFLECTION_BUFFERS UNITY_USE_DITHER_MASK_FOR_ALPHABLENDED_SHADOWS UNITY_PBS_USE_BRDF1 UNITY_SPECCUBE_BOX_PROJECTION UNITY_SPECCUBE_BLENDING UNITY_ENABLE_DETAIL_NORMALMAP SHADER_API_DESKTOP UNITY_COLORSPACE_GAMMA UNITY_LIGHT_PROBE_PROXY_VOLUME UNITY_LIGHTMAP_FULL_HDR uKW=SHADER_STAGE_COMPUTE platform=d3d11 flags=0  error: 1 plat 4 at ProcessTrailMap.compute(52): signed/unsigned mismatch, unsigned assumed
  error: 1 plat 4 at ProcessTrailMap.compute(66): implicit truncation of vector type
  error: 1 plat 4 at ProcessTrailMap.compute(79): signed/unsigned mismatch, unsigned assumed
  error: 1 plat 4 at ProcessTrailMap.compute(99): signed/unsigned mismatch, unsigned assumed
  error: 1 plat 4 at ProcessTrailMap.compute(109): signed/unsigned mismatch, unsigned assumed
 ok=1 outsize=626

Cmd: compileComputeKernel
  insize=3051 path=C:/General/Programming/Unity/Rainsim/Assets/ProcessTrailMap.compute kernel=DrawBlack cachingPP=1 ppOnly=0 stripLineD=0 buildPlatform=19 km=<UNITY_VERSION=202032> pKW=UNITY_ENABLE_REFLECTION_BUFFERS UNITY_USE_DITHER_MASK_FOR_ALPHABLENDED_SHADOWS UNITY_PBS_USE_BRDF1 UNITY_SPECCUBE_BOX_PROJECTION UNITY_SPECCUBE_BLENDING UNITY_ENABLE_DETAIL_NORMALMAP SHADER_API_DESKTOP UNITY_COLORSPACE_GAMMA UNITY_LIGHT_PROBE_PROXY_VOLUME UNITY_LIGHTMAP_FULL_HDR uKW=SHADER_STAGE_COMPUTE platform=d3d11 flags=0  error: 1 plat 4 at ProcessTrailMap.compute(52): signed/unsigned mismatch, unsigned assumed
  error: 1 plat 4 at ProcessTrailMap.compute(66): implicit truncation of vector type
  error: 1 plat 4 at ProcessTrailMap.compute(79): signed/unsigned mismatch, unsigned assumed
  error: 1 plat 4 at ProcessTrailMap.compute(99): signed/unsigned mismatch, unsigned assumed
  error: 1 plat 4 at ProcessTrailMap.compute(109): signed/unsigned mismatch, unsigned assumed
 ok=1 outsize=313

Cmd: compileComputeKernel
  insize=3044 path=C:/General/Programming/Unity/Rainsim/Assets/ProcessTrailMap.compute kernel=DrawBlack cachingPP=1 ppOnly=0 stripLineD=0 buildPlatform=19 km=<UNITY_VERSION=202032> pKW=UNITY_ENABLE_REFLECTION_BUFFERS UNITY_USE_DITHER_MASK_FOR_ALPHABLENDED_SHADOWS UNITY_PBS_USE_BRDF1 UNITY_SPECCUBE_BOX_PROJECTION UNITY_SPECCUBE_BLENDING UNITY_ENABLE_DETAIL_NORMALMAP SHADER_API_DESKTOP UNITY_COLORSPACE_GAMMA UNITY_LIGHT_PROBE_PROXY_VOLUME UNITY_LIGHTMAP_FULL_HDR uKW=SHADER_STAGE_COMPUTE platform=d3d11 flags=0  error: 1 plat 4 at ProcessTrailMap.compute(52): signed/unsigned mismatch, unsigned assumed
  error: 1 plat 4 at ProcessTrailMap.compute(66): implicit truncation of vector type
  error: 1 plat 4 at ProcessTrailMap.compute(79): signed/unsigned mismatch, unsigned assumed
  error: 1 plat 4 at ProcessTrailMap.compute(99): signed/unsigned mismatch, unsigned assumed
  error: 1 plat 4 at ProcessTrailMap.compute(109): signed/unsigned mismatch, unsigned assumed
 ok=1 outsize=313

Cmd: compileComputeKernel
  insize=3142 path=C:/General/Programming/Unity/Rainsim/Assets/ProcessTrailMap.compute kernel=ResetMap cachingPP=1 ppOnly=0 stripLineD=0 buildPlatform=19 km=<UNITY_VERSION=202032> pKW=UNITY_ENABLE_REFLECTION_BUFFERS UNITY_USE_DITHER_MASK_FOR_ALPHABLENDED_SHADOWS UNITY_PBS_USE_BRDF1 UNITY_SPECCUBE_BOX_PROJECTION UNITY_SPECCUBE_BLENDING UNITY_ENABLE_DETAIL_NORMALMAP SHADER_API_DESKTOP UNITY_COLORSPACE_GAMMA UNITY_LIGHT_PROBE_PROXY_VOLUME UNITY_LIGHTMAP_FULL_HDR uKW=SHADER_STAGE_COMPUTE platform=d3d11 flags=0  error: 1 plat 4 at ProcessTrailMap.compute(52): signed/unsigned mismatch, unsigned assumed
  error: 1 plat 4 at ProcessTrailMap.compute(66): implicit truncation of vector type
  error: 1 plat 4 at ProcessTrailMap.compute(79): signed/unsigned mismatch, unsigned assumed
  error: 1 plat 4 at ProcessTrailMap.compute(102): signed/unsigned mismatch, unsigned assumed
  error: 1 plat 4 at ProcessTrailMap.compute(112): signed/unsigned mismatch, unsigned assumed
 ok=1 outsize=523

Cmd: shutdown
